# JRE version: 6.0_35-b35
# Java VM: OpenJDK Client VM (23.25-b01 mixed mode, sharing linux-x86 )
Heap
 def new generation   total 12416K, used 3566K [0x6aa10000, 0x6b780000, 0x72a10000)
  eden space 11072K,  32% used [0x6aa10000, 0x6ad8b880, 0x6b4e0000)
  from space 1344K,   0% used [0x6b4e0000, 0x6b4e0000, 0x6b630000)
  to   space 1344K,   0% used [0x6b630000, 0x6b630000, 0x6b780000)
 tenured generation   total 27328K, used 12412K [0x72a10000, 0x744c0000, 0x82a10000)
   the space 27328K,  45% used [0x72a10000, 0x7362f168, 0x7362f200, 0x744c0000)
 compacting perm gen  total 21248K, used 21126K [0x82a10000, 0x83ed0000, 0x92a10000)
   the space 21248K,  99% used [0x82a10000, 0x83eb1af8, 0x83eb1c00, 0x83ed0000)
    ro space 10240K,  56% used [0x92a10000, 0x92faf2b8, 0x92faf400, 0x93410000)
    rw space 12288K,  60% used [0x93410000, 0x93b52018, 0x93b52200, 0x94010000)
GC Heap History (10 events):
Event: 19.258 GC heap before
{Heap before GC invocations=5 (full 0):
 def new generation   total 12288K, used 12288K [0x6aa10000, 0x6b760000, 0x72a10000)
  eden space 10944K, 100% used [0x6aa10000, 0x6b4c0000, 0x6b4c0000)
  from space 1344K, 100% used [0x6b610000, 0x6b760000, 0x6b760000)
  to   space 1344K,   0% used [0x6b4c0000, 0x6b4c0000, 0x6b610000)
 tenured generation   total 27328K, used 6013K [0x72a10000, 0x744c0000, 0x82a10000)
   the space 27328K,  22% used [0x72a10000, 0x72fef4c8, 0x72fef600, 0x744c0000)
 compacting perm gen  total 14336K, used 14289K [0x82a10000, 0x83810000, 0x92a10000)
   the space 14336K,  99% used [0x82a10000, 0x838046f8, 0x83804800, 0x83810000)
    ro space 10240K,  56% used [0x92a10000, 0x92faf2b8, 0x92faf400, 0x93410000)
    rw space 12288K,  60% used [0x93410000, 0x93b52018, 0x93b52200, 0x94010000)
Event: 19.272 GC heap after
Heap after GC invocations=6 (full 0):
 def new generation   total 12288K, used 1086K [0x6aa10000, 0x6b760000, 0x72a10000)
  eden space 10944K,   0% used [0x6aa10000, 0x6aa10000, 0x6b4c0000)
  from space 1344K,  80% used [0x6b4c0000, 0x6b5cfb30, 0x6b610000)
  to   space 1344K,   0% used [0x6b610000, 0x6b610000, 0x6b760000)
 tenured generation   total 27328K, used 7341K [0x72a10000, 0x744c0000, 0x82a10000)
   the space 27328K,  26% used [0x72a10000, 0x7313b770, 0x7313b800, 0x744c0000)
 compacting perm gen  total 14336K, used 14289K [0x82a10000, 0x83810000, 0x92a10000)
   the space 14336K,  99% used [0x82a10000, 0x838046f8, 0x83804800, 0x83810000)
    ro space 10240K,  56% used [0x92a10000, 0x92faf2b8, 0x92faf400, 0x93410000)
    rw space 12288K,  60% used [0x93410000, 0x93b52018, 0x93b52200, 0x94010000)
}
Event: 19.390 GC heap before
{Heap before GC invocations=6 (full 0):
 def new generation   total 12288K, used 12030K [0x6aa10000, 0x6b760000, 0x72a10000)
  eden space 10944K, 100% used [0x6aa10000, 0x6b4c0000, 0x6b4c0000)
  from space 1344K,  80% used [0x6b4c0000, 0x6b5cfb30, 0x6b610000)
  to   space 1344K,   0% used [0x6b610000, 0x6b610000, 0x6b760000)
 tenured generation   total 27328K, used 7341K [0x72a10000, 0x744c0000, 0x82a10000)
   the space 27328K,  26% used [0x72a10000, 0x7313b770, 0x7313b800, 0x744c0000)
 compacting perm gen  total 15360K, used 15354K [0x82a10000, 0x83910000, 0x92a10000)
   the space 15360K,  99% used [0x82a10000, 0x8390e850, 0x8390ea00, 0x83910000)
    ro space 10240K,  56% used [0x92a10000, 0x92faf2b8, 0x92faf400, 0x93410000)
    rw space 12288K,  60% used [0x93410000, 0x93b52018, 0x93b52200, 0x94010000)
Event: 19.400 GC heap after
Heap after GC invocations=7 (full 0):
 def new generation   total 12288K, used 640K [0x6aa10000, 0x6b760000, 0x72a10000)
  eden space 10944K,   0% used [0x6aa10000, 0x6aa10000, 0x6b4c0000)
  from space 1344K,  47% used [0x6b610000, 0x6b6b0218, 0x6b760000)
  to   space 1344K,   0% used [0x6b4c0000, 0x6b4c0000, 0x6b610000)
 tenured generation   total 27328K, used 8370K [0x72a10000, 0x744c0000, 0x82a10000)
   the space 27328K,  30% used [0x72a10000, 0x7323c950, 0x7323ca00, 0x744c0000)
 compacting perm gen  total 15360K, used 15354K [0x82a10000, 0x83910000, 0x92a10000)
   the space 15360K,  99% used [0x82a10000, 0x8390e850, 0x8390ea00, 0x83910000)
    ro space 10240K,  56% used [0x92a10000, 0x92faf2b8, 0x92faf400, 0x93410000)
    rw space 12288K,  60% used [0x93410000, 0x93b52018, 0x93b52200, 0x94010000)
}
Event: 19.586 GC heap before
{Heap before GC invocations=7 (full 0):
 def new generation   total 12288K, used 7997K [0x6aa10000, 0x6b760000, 0x72a10000)
  eden space 10944K,  67% used [0x6aa10000, 0x6b13f2e0, 0x6b4c0000)
  from space 1344K,  47% used [0x6b610000, 0x6b6b0218, 0x6b760000)
  to   space 1344K,   0% used [0x6b4c0000, 0x6b4c0000, 0x6b610000)
 tenured generation   total 27328K, used 8370K [0x72a10000, 0x744c0000, 0x82a10000)
   the space 27328K,  30% used [0x72a10000, 0x7323c950, 0x7323ca00, 0x744c0000)
 compacting perm gen  total 16384K, used 16383K [0x82a10000, 0x83a10000, 0x92a10000)
   the space 16384K,  99% used [0x82a10000, 0x83a0ffe0, 0x83a10000, 0x83a10000)
    ro space 10240K,  56% used [0x92a10000, 0x92faf2b8, 0x92faf400, 0x93410000)
    rw space 12288K,  60% used [0x93410000, 0x93b52018, 0x93b52200, 0x94010000)
Event: 19.656 GC heap after
Heap after GC invocations=8 (full 1):
 def new generation   total 12352K, used 0K [0x6aa10000, 0x6b770000, 0x72a10000)
  eden space 11008K,   0% used [0x6aa10000, 0x6aa10000, 0x6b4d0000)
  from space 1344K,   0% used [0x6b4d0000, 0x6b4d0000, 0x6b620000)
  to   space 1344K,   0% used [0x6b620000, 0x6b620000, 0x6b770000)
 tenured generation   total 27328K, used 10162K [0x72a10000, 0x744c0000, 0x82a10000)
   the space 27328K,  37% used [0x72a10000, 0x733fcab0, 0x733fcc00, 0x744c0000)
 compacting perm gen  total 16384K, used 16383K [0x82a10000, 0x83a10000, 0x92a10000)
   the space 16384K,  99% used [0x82a10000, 0x83a0ffe0, 0x83a10000, 0x83a10000)
    ro space 10240K,  56% used [0x92a10000, 0x92faf2b8, 0x92faf400, 0x93410000)
    rw space 12288K,  60% used [0x93410000, 0x93b52018, 0x93b52200, 0x94010000)
}
Event: 20.127 GC heap before
{Heap before GC invocations=8 (full 1):
 def new generation   total 12352K, used 11008K [0x6aa10000, 0x6b770000, 0x72a10000)
  eden space 11008K, 100% used [0x6aa10000, 0x6b4d0000, 0x6b4d0000)
  from space 1344K,   0% used [0x6b4d0000, 0x6b4d0000, 0x6b620000)
  to   space 1344K,   0% used [0x6b620000, 0x6b620000, 0x6b770000)
 tenured generation   total 27328K, used 10162K [0x72a10000, 0x744c0000, 0x82a10000)
   the space 27328K,  37% used [0x72a10000, 0x733fcab0, 0x733fcc00, 0x744c0000)
 compacting perm gen  total 18944K, used 18878K [0x82a10000, 0x83c90000, 0x92a10000)
   the space 18944K,  99% used [0x82a10000, 0x83c7faf8, 0x83c7fc00, 0x83c90000)
    ro space 10240K,  56% used [0x92a10000, 0x92faf2b8, 0x92faf400, 0x93410000)
    rw space 12288K,  60% used [0x93410000, 0x93b52018, 0x93b52200, 0x94010000)
Event: 20.135 GC heap after
Heap after GC invocations=9 (full 1):
 def new generation   total 12352K, used 1323K [0x6aa10000, 0x6b770000, 0x72a10000)
  eden space 11008K,   0% used [0x6aa10000, 0x6aa10000, 0x6b4d0000)
  from space 1344K,  98% used [0x6b620000, 0x6b76ac88, 0x6b770000)
  to   space 1344K,   0% used [0x6b4d0000, 0x6b4d0000, 0x6b620000)
 tenured generation   total 27328K, used 10162K [0x72a10000, 0x744c0000, 0x82a10000)
   the space 27328K,  37% used [0x72a10000, 0x733fcab0, 0x733fcc00, 0x744c0000)
 compacting perm gen  total 18944K, used 18878K [0x82a10000, 0x83c90000, 0x92a10000)
   the space 18944K,  99% used [0x82a10000, 0x83c7faf8, 0x83c7fc00, 0x83c90000)
    ro space 10240K,  56% used [0x92a10000, 0x92faf2b8, 0x92faf400, 0x93410000)
    rw space 12288K,  60% used [0x93410000, 0x93b52018, 0x93b52200, 0x94010000)
}
Event: 21.260 GC heap before
{Heap before GC invocations=9 (full 1):
 def new generation   total 12352K, used 10664K [0x6aa10000, 0x6b770000, 0x72a10000)
  eden space 11008K,  84% used [0x6aa10000, 0x6b32f3e8, 0x6b4d0000)
  from space 1344K,  98% used [0x6b620000, 0x6b76ac88, 0x6b770000)
  to   space 1344K,   0% used [0x6b4d0000, 0x6b4d0000, 0x6b620000)
 tenured generation   total 27328K, used 10162K [0x72a10000, 0x744c0000, 0x82a10000)
   the space 27328K,  37% used [0x72a10000, 0x733fcab0, 0x733fcc00, 0x744c0000)
 compacting perm gen  total 20480K, used 20479K [0x82a10000, 0x83e10000, 0x92a10000)
   the space 20480K,  99% used [0x82a10000, 0x83e0fe48, 0x83e10000, 0x83e10000)
    ro space 10240K,  56% used [0x92a10000, 0x92faf2b8, 0x92faf400, 0x93410000)
    rw space 12288K,  60% used [0x93410000, 0x93b52018, 0x93b52200, 0x94010000)
Event: 21.332 GC heap after
Heap after GC invocations=10 (full 2):
 def new generation   total 12416K, used 0K [0x6aa10000, 0x6b780000, 0x72a10000)
  eden space 11072K,   0% used [0x6aa10000, 0x6aa10000, 0x6b4e0000)
  from space 1344K,   0% used [0x6b4e0000, 0x6b4e0000, 0x6b630000)
  to   space 1344K,   0% used [0x6b630000, 0x6b630000, 0x6b780000)
 tenured generation   total 27328K, used 12412K [0x72a10000, 0x744c0000, 0x82a10000)
   the space 27328K,  45% used [0x72a10000, 0x7362f168, 0x7362f200, 0x744c0000)
 compacting perm gen  total 20480K, used 20479K [0x82a10000, 0x83e10000, 0x92a10000)
   the space 20480K,  99% used [0x82a10000, 0x83e0fe48, 0x83e10000, 0x83e10000)
    ro space 10240K,  56% used [0x92a10000, 0x92faf2b8, 0x92faf400, 0x93410000)
    rw space 12288K,  60% used [0x93410000, 0x93b52018, 0x93b52200, 0x94010000)
}

